# JRE version: Java(TM) SE Runtime Environment (8.0_60-b27) (build 1.8.0_60-b27)
# Java VM: Java HotSpot(TM) 64-Bit Server VM (25.60-b23 mixed mode windows-amd64 compressed oops)
Heap:
 PSYoungGen      total 415744K, used 116678K [0x00000000d5580000, 0x00000000fc100000, 0x0000000100000000)
  eden space 272384K, 7% used [0x00000000d5580000,0x00000000d6a6d7c0,0x00000000e5f80000)
  from space 143360K, 66% used [0x00000000f3500000,0x00000000f9204298,0x00000000fc100000)
  to   space 134656K, 0% used [0x00000000e5f80000,0x00000000e5f80000,0x00000000ee300000)
 ParOldGen       total 314368K, used 180850K [0x0000000080000000, 0x0000000093300000, 0x00000000d5580000)
  object space 314368K, 57% used [0x0000000080000000,0x000000008b09c9f0,0x0000000093300000)
 Metaspace       used 92139K, capacity 96296K, committed 96640K, reserved 1134592K
  class space    used 11509K, capacity 12321K, committed 12416K, reserved 1048576K
GC Heap History (10 events):
Event: 501.973 GC heap before
{Heap before GC invocations=33 (full 5):
 PSYoungGen      total 345600K, used 279390K [0x00000000d5580000, 0x00000000f0580000, 0x0000000100000000)
  eden space 258560K, 100% used [0x00000000d5580000,0x00000000e5200000,0x00000000e5200000)
  from space 87040K, 23% used [0x00000000e5200000,0x00000000e6657968,0x00000000ea700000)
  to   space 82944K, 0% used [0x00000000eb480000,0x00000000eb480000,0x00000000f0580000)
 ParOldGen       total 314368K, used 145664K [0x0000000080000000, 0x0000000093300000, 0x00000000d5580000)
  object space 314368K, 46% used [0x0000000080000000,0x0000000088e401a8,0x0000000093300000)
 Metaspace       used 87635K, capacity 91636K, committed 91776K, reserved 1128448K
  class space    used 11067K, capacity 11879K, committed 11904K, reserved 1048576K
Event: 502.036 GC heap after
Heap after GC invocations=33 (full 5):
 PSYoungGen      total 349696K, used 69325K [0x00000000d5580000, 0x00000000f1680000, 0x0000000100000000)
  eden space 266752K, 0% used [0x00000000d5580000,0x00000000d5580000,0x00000000e5a00000)
  from space 82944K, 83% used [0x00000000eb480000,0x00000000ef8335c8,0x00000000f0580000)
  to   space 92672K, 0% used [0x00000000e5a00000,0x00000000e5a00000,0x00000000eb480000)
 ParOldGen       total 314368K, used 145672K [0x0000000080000000, 0x0000000093300000, 0x00000000d5580000)
  object space 314368K, 46% used [0x0000000080000000,0x0000000088e421a8,0x0000000093300000)
 Metaspace       used 87635K, capacity 91636K, committed 91776K, reserved 1128448K
  class space    used 11067K, capacity 11879K, committed 11904K, reserved 1048576K
}
Event: 519.246 GC heap before
{Heap before GC invocations=34 (full 5):
 PSYoungGen      total 349696K, used 336077K [0x00000000d5580000, 0x00000000f1680000, 0x0000000100000000)
  eden space 266752K, 100% used [0x00000000d5580000,0x00000000e5a00000,0x00000000e5a00000)
  from space 82944K, 83% used [0x00000000eb480000,0x00000000ef8335c8,0x00000000f0580000)
  to   space 92672K, 0% used [0x00000000e5a00000,0x00000000e5a00000,0x00000000eb480000)
 ParOldGen       total 314368K, used 145672K [0x0000000080000000, 0x0000000093300000, 0x00000000d5580000)
  object space 314368K, 46% used [0x0000000080000000,0x0000000088e421a8,0x0000000093300000)
 Metaspace       used 90624K, capacity 94706K, committed 94976K, reserved 1132544K
  class space    used 11340K, capacity 12178K, committed 12288K, reserved 1048576K
Event: 519.368 GC heap after
Heap after GC invocations=34 (full 5):
 PSYoungGen      total 359424K, used 92645K [0x00000000d5580000, 0x00000000f5a00000, 0x0000000100000000)
  eden space 266752K, 0% used [0x00000000d5580000,0x00000000d5580000,0x00000000e5a00000)
  from space 92672K, 99% used [0x00000000e5a00000,0x00000000eb4796a0,0x00000000eb480000)
  to   space 121856K, 0% used [0x00000000ee300000,0x00000000ee300000,0x00000000f5a00000)
 ParOldGen       total 314368K, used 180842K [0x0000000080000000, 0x0000000093300000, 0x00000000d5580000)
  object space 314368K, 57% used [0x0000000080000000,0x000000008b09a9f0,0x0000000093300000)
 Metaspace       used 90624K, capacity 94706K, committed 94976K, reserved 1132544K
  class space    used 11340K, capacity 12178K, committed 12288K, reserved 1048576K
}
Event: 555.366 GC heap before
{Heap before GC invocations=35 (full 5):
 PSYoungGen      total 359424K, used 358877K [0x00000000d5580000, 0x00000000f5a00000, 0x0000000100000000)
  eden space 266752K, 99% used [0x00000000d5580000,0x00000000e597e0d8,0x00000000e5a00000)
  from space 92672K, 99% used [0x00000000e5a00000,0x00000000eb4796a0,0x00000000eb480000)
  to   space 121856K, 0% used [0x00000000ee300000,0x00000000ee300000,0x00000000f5a00000)
 ParOldGen       total 314368K, used 180842K [0x0000000080000000, 0x0000000093300000, 0x00000000d5580000)
  object space 314368K, 57% used [0x0000000080000000,0x000000008b09a9f0,0x0000000093300000)
 Metaspace       used 91892K, capacity 96034K, committed 96256K, reserved 1132544K
  class space    used 11478K, capacity 12282K, committed 12288K, reserved 1048576K
Event: 555.561 GC heap after
Heap after GC invocations=35 (full 5):
 PSYoungGen      total 394240K, used 99284K [0x00000000d5580000, 0x00000000f7380000, 0x0000000100000000)
  eden space 272384K, 0% used [0x00000000d5580000,0x00000000d5580000,0x00000000e5f80000)
  from space 121856K, 81% used [0x00000000ee300000,0x00000000f43f5010,0x00000000f5a00000)
  to   space 134656K, 0% used [0x00000000e5f80000,0x00000000e5f80000,0x00000000ee300000)
 ParOldGen       total 314368K, used 180850K [0x0000000080000000, 0x0000000093300000, 0x00000000d5580000)
  object space 314368K, 57% used [0x0000000080000000,0x000000008b09c9f0,0x0000000093300000)
 Metaspace       used 91892K, capacity 96034K, committed 96256K, reserved 1132544K
  class space    used 11478K, capacity 12282K, committed 12288K, reserved 1048576K
}
Event: 555.614 GC heap before
{Heap before GC invocations=36 (full 5):
 PSYoungGen      total 394240K, used 371489K [0x00000000d5580000, 0x00000000f7380000, 0x0000000100000000)
  eden space 272384K, 99% used [0x00000000d5580000,0x00000000e5f534d0,0x00000000e5f80000)
  from space 121856K, 81% used [0x00000000ee300000,0x00000000f43f5010,0x00000000f5a00000)
  to   space 134656K, 0% used [0x00000000e5f80000,0x00000000e5f80000,0x00000000ee300000)
 ParOldGen       total 314368K, used 180850K [0x0000000080000000, 0x0000000093300000, 0x00000000d5580000)
  object space 314368K, 57% used [0x0000000080000000,0x000000008b09c9f0,0x0000000093300000)
 Metaspace       used 91901K, capacity 96034K, committed 96256K, reserved 1132544K
  class space    used 11478K, capacity 12282K, committed 12288K, reserved 1048576K
Event: 555.749 GC heap after
Heap after GC invocations=36 (full 5):
 PSYoungGen      total 407040K, used 95366K [0x00000000d5580000, 0x00000000fc100000, 0x0000000100000000)
  eden space 272384K, 0% used [0x00000000d5580000,0x00000000d5580000,0x00000000e5f80000)
  from space 134656K, 70% used [0x00000000e5f80000,0x00000000ebca1a50,0x00000000ee300000)
  to   space 143360K, 0% used [0x00000000f3500000,0x00000000f3500000,0x00000000fc100000)
 ParOldGen       total 314368K, used 180850K [0x0000000080000000, 0x0000000093300000, 0x00000000d5580000)
  object space 314368K, 57% used [0x0000000080000000,0x000000008b09c9f0,0x0000000093300000)
 Metaspace       used 91901K, capacity 96034K, committed 96256K, reserved 1132544K
  class space    used 11478K, capacity 12282K, committed 12288K, reserved 1048576K
}
Event: 567.502 GC heap before
{Heap before GC invocations=37 (full 5):
 PSYoungGen      total 407040K, used 367750K [0x00000000d5580000, 0x00000000fc100000, 0x0000000100000000)
  eden space 272384K, 100% used [0x00000000d5580000,0x00000000e5f80000,0x00000000e5f80000)
  from space 134656K, 70% used [0x00000000e5f80000,0x00000000ebca1a50,0x00000000ee300000)
  to   space 143360K, 0% used [0x00000000f3500000,0x00000000f3500000,0x00000000fc100000)
 ParOldGen       total 314368K, used 180850K [0x0000000080000000, 0x0000000093300000, 0x00000000d5580000)
  object space 314368K, 57% used [0x0000000080000000,0x000000008b09c9f0,0x0000000093300000)
 Metaspace       used 92130K, capacity 96232K, committed 96384K, reserved 1132544K
  class space    used 11509K, capacity 12321K, committed 12416K, reserved 1048576K
Event: 567.606 GC heap after
Heap after GC invocations=37 (full 5):
 PSYoungGen      total 415744K, used 95248K [0x00000000d5580000, 0x00000000fc100000, 0x0000000100000000)
  eden space 272384K, 0% used [0x00000000d5580000,0x00000000d5580000,0x00000000e5f80000)
  from space 143360K, 66% used [0x00000000f3500000,0x00000000f9204298,0x00000000fc100000)
  to   space 134656K, 0% used [0x00000000e5f80000,0x00000000e5f80000,0x00000000ee300000)
 ParOldGen       total 314368K, used 180850K [0x0000000080000000, 0x0000000093300000, 0x00000000d5580000)
  object space 314368K, 57% used [0x0000000080000000,0x000000008b09c9f0,0x0000000093300000)
 Metaspace       used 92130K, capacity 96232K, committed 96384K, reserved 1132544K
  class space    used 11509K, capacity 12321K, committed 12416K, reserved 1048576K
}

