# JRE version: Java(TM) SE Runtime Environment (8.0_60-b27) (build 1.8.0_60-b27)
# Java VM: Java HotSpot(TM) 64-Bit Server VM (25.60-b23 mixed mode windows-amd64 compressed oops)
Heap:
 PSYoungGen      total 616960K, used 209920K [0x00000000d5580000, 0x00000000ffc80000, 0x0000000100000000)
  eden space 539648K, 38% used [0x00000000d5580000,0x00000000e22803e0,0x00000000f6480000)
  from space 77312K, 0% used [0x00000000fb100000,0x00000000fb100000,0x00000000ffc80000)
  to   space 77824K, 0% used [0x00000000f6480000,0x00000000f6480000,0x00000000fb080000)
 ParOldGen       total 254464K, used 61953K [0x0000000080000000, 0x000000008f880000, 0x00000000d5580000)
  object space 254464K, 24% used [0x0000000080000000,0x0000000083c80650,0x000000008f880000)
 Metaspace       used 73966K, capacity 76422K, committed 76672K, reserved 1116160K
  class space    used 9354K, capacity 9850K, committed 9856K, reserved 1048576K
GC Heap History (10 events):
Event: 76.740 GC heap before
{Heap before GC invocations=23 (full 4):
 PSYoungGen      total 404992K, used 404968K [0x00000000d5580000, 0x00000000f5d80000, 0x0000000100000000)
  eden space 335872K, 100% used [0x00000000d5580000,0x00000000e9d80000,0x00000000e9d80000)
  from space 69120K, 99% used [0x00000000eec80000,0x00000000f2ffa2b8,0x00000000f3000000)
  to   space 80896K, 0% used [0x00000000e9d80000,0x00000000e9d80000,0x00000000eec80000)
 ParOldGen       total 254464K, used 76787K [0x0000000080000000, 0x000000008f880000, 0x00000000d5580000)
  object space 254464K, 30% used [0x0000000080000000,0x0000000084afcc68,0x000000008f880000)
 Metaspace       used 70721K, capacity 72868K, committed 73216K, reserved 1114112K
  class space    used 8991K, capacity 9449K, committed 9472K, reserved 1048576K
Event: 76.817 GC heap after
Heap after GC invocations=23 (full 4):
 PSYoungGen      total 416768K, used 37721K [0x00000000d5580000, 0x00000000f8680000, 0x0000000100000000)
  eden space 335872K, 0% used [0x00000000d5580000,0x00000000d5580000,0x00000000e9d80000)
  from space 80896K, 46% used [0x00000000e9d80000,0x00000000ec256450,0x00000000eec80000)
  to   space 78336K, 0% used [0x00000000f3a00000,0x00000000f3a00000,0x00000000f8680000)
 ParOldGen       total 254464K, used 95966K [0x0000000080000000, 0x000000008f880000, 0x00000000d5580000)
  object space 254464K, 37% used [0x0000000080000000,0x0000000085db79a0,0x000000008f880000)
 Metaspace       used 70721K, capacity 72868K, committed 73216K, reserved 1114112K
  class space    used 8991K, capacity 9449K, committed 9472K, reserved 1048576K
}
Event: 78.147 GC heap before
{Heap before GC invocations=24 (full 4):
 PSYoungGen      total 416768K, used 372761K [0x00000000d5580000, 0x00000000f8680000, 0x0000000100000000)
  eden space 335872K, 99% used [0x00000000d5580000,0x00000000e9cb0258,0x00000000e9d80000)
  from space 80896K, 46% used [0x00000000e9d80000,0x00000000ec256450,0x00000000eec80000)
  to   space 78336K, 0% used [0x00000000f3a00000,0x00000000f3a00000,0x00000000f8680000)
 ParOldGen       total 254464K, used 95966K [0x0000000080000000, 0x000000008f880000, 0x00000000d5580000)
  object space 254464K, 37% used [0x0000000080000000,0x0000000085db79a0,0x000000008f880000)
 Metaspace       used 71577K, capacity 73752K, committed 74112K, reserved 1114112K
  class space    used 9125K, capacity 9589K, committed 9600K, reserved 1048576K
Event: 78.190 GC heap after
Heap after GC invocations=24 (full 4):
 PSYoungGen      total 497152K, used 40474K [0x00000000d5580000, 0x00000000f8700000, 0x0000000100000000)
  eden space 418816K, 0% used [0x00000000d5580000,0x00000000d5580000,0x00000000eee80000)
  from space 78336K, 51% used [0x00000000f3a00000,0x00000000f61868e0,0x00000000f8680000)
  to   space 77312K, 0% used [0x00000000eee80000,0x00000000eee80000,0x00000000f3a00000)
 ParOldGen       total 254464K, used 132207K [0x0000000080000000, 0x000000008f880000, 0x00000000d5580000)
  object space 254464K, 51% used [0x0000000080000000,0x000000008811bec8,0x000000008f880000)
 Metaspace       used 71577K, capacity 73752K, committed 74112K, reserved 1114112K
  class space    used 9125K, capacity 9589K, committed 9600K, reserved 1048576K
}
Event: 78.256 GC heap before
{Heap before GC invocations=25 (full 4):
 PSYoungGen      total 497152K, used 458408K [0x00000000d5580000, 0x00000000f8700000, 0x0000000100000000)
  eden space 418816K, 99% used [0x00000000d5580000,0x00000000eeda39f8,0x00000000eee80000)
  from space 78336K, 51% used [0x00000000f3a00000,0x00000000f61868e0,0x00000000f8680000)
  to   space 77312K, 0% used [0x00000000eee80000,0x00000000eee80000,0x00000000f3a00000)
 ParOldGen       total 254464K, used 132207K [0x0000000080000000, 0x000000008f880000, 0x00000000d5580000)
  object space 254464K, 51% used [0x0000000080000000,0x000000008811bec8,0x000000008f880000)
 Metaspace       used 71586K, capacity 73752K, committed 74112K, reserved 1114112K
  class space    used 9125K, capacity 9589K, committed 9600K, reserved 1048576K
Event: 78.262 GC heap after
Heap after GC invocations=25 (full 4):
 PSYoungGen      total 496128K, used 128K [0x00000000d5580000, 0x00000000ffd80000, 0x0000000100000000)
  eden space 418816K, 0% used [0x00000000d5580000,0x00000000d5580000,0x00000000eee80000)
  from space 77312K, 0% used [0x00000000eee80000,0x00000000eeea0000,0x00000000f3a00000)
  to   space 78336K, 0% used [0x00000000fb100000,0x00000000fb100000,0x00000000ffd80000)
 ParOldGen       total 254464K, used 156387K [0x0000000080000000, 0x000000008f880000, 0x00000000d5580000)
  object space 254464K, 61% used [0x0000000080000000,0x00000000898b8cf8,0x000000008f880000)
 Metaspace       used 71586K, capacity 73752K, committed 74112K, reserved 1114112K
  class space    used 9125K, capacity 9589K, committed 9600K, reserved 1048576K
}
Event: 79.421 GC heap before
{Heap before GC invocations=26 (full 4):
 PSYoungGen      total 496128K, used 146337K [0x00000000d5580000, 0x00000000ffd80000, 0x0000000100000000)
  eden space 418816K, 34% used [0x00000000d5580000,0x00000000de448760,0x00000000eee80000)
  from space 77312K, 0% used [0x00000000eee80000,0x00000000eeea0000,0x00000000f3a00000)
  to   space 78336K, 0% used [0x00000000fb100000,0x00000000fb100000,0x00000000ffd80000)
 ParOldGen       total 254464K, used 156387K [0x0000000080000000, 0x000000008f880000, 0x00000000d5580000)
  object space 254464K, 61% used [0x0000000080000000,0x00000000898b8cf8,0x000000008f880000)
 Metaspace       used 73176K, capacity 75418K, committed 75648K, reserved 1116160K
  class space    used 9309K, capacity 9796K, committed 9856K, reserved 1048576K
Event: 79.425 GC heap after
Heap after GC invocations=26 (full 4):
 PSYoungGen      total 616960K, used 1900K [0x00000000d5580000, 0x00000000ffc80000, 0x0000000100000000)
  eden space 539648K, 0% used [0x00000000d5580000,0x00000000d5580000,0x00000000f6480000)
  from space 77312K, 2% used [0x00000000fb100000,0x00000000fb2db0d8,0x00000000ffc80000)
  to   space 77824K, 0% used [0x00000000f6480000,0x00000000f6480000,0x00000000fb080000)
 ParOldGen       total 254464K, used 156427K [0x0000000080000000, 0x000000008f880000, 0x00000000d5580000)
  object space 254464K, 61% used [0x0000000080000000,0x00000000898c2cf8,0x000000008f880000)
 Metaspace       used 73176K, capacity 75418K, committed 75648K, reserved 1116160K
  class space    used 9309K, capacity 9796K, committed 9856K, reserved 1048576K
}
Event: 79.425 GC heap before
{Heap before GC invocations=27 (full 5):
 PSYoungGen      total 616960K, used 1900K [0x00000000d5580000, 0x00000000ffc80000, 0x0000000100000000)
  eden space 539648K, 0% used [0x00000000d5580000,0x00000000d5580000,0x00000000f6480000)
  from space 77312K, 2% used [0x00000000fb100000,0x00000000fb2db0d8,0x00000000ffc80000)
  to   space 77824K, 0% used [0x00000000f6480000,0x00000000f6480000,0x00000000fb080000)
 ParOldGen       total 254464K, used 156427K [0x0000000080000000, 0x000000008f880000, 0x00000000d5580000)
  object space 254464K, 61% used [0x0000000080000000,0x00000000898c2cf8,0x000000008f880000)
 Metaspace       used 73176K, capacity 75418K, committed 75648K, reserved 1116160K
  class space    used 9309K, capacity 9796K, committed 9856K, reserved 1048576K
Event: 79.794 GC heap after
Heap after GC invocations=27 (full 5):
 PSYoungGen      total 616960K, used 0K [0x00000000d5580000, 0x00000000ffc80000, 0x0000000100000000)
  eden space 539648K, 0% used [0x00000000d5580000,0x00000000d5580000,0x00000000f6480000)
  from space 77312K, 0% used [0x00000000fb100000,0x00000000fb100000,0x00000000ffc80000)
  to   space 77824K, 0% used [0x00000000f6480000,0x00000000f6480000,0x00000000fb080000)
 ParOldGen       total 254464K, used 61953K [0x0000000080000000, 0x000000008f880000, 0x00000000d5580000)
  object space 254464K, 24% used [0x0000000080000000,0x0000000083c80650,0x000000008f880000)
 Metaspace       used 73176K, capacity 75418K, committed 75648K, reserved 1116160K
  class space    used 9309K, capacity 9796K, committed 9856K, reserved 1048576K
}

