# JRE version: Java(TM) SE Runtime Environment (8.0_60-b27) (build 1.8.0_60-b27)
# Java VM: Java HotSpot(TM) 64-Bit Server VM (25.60-b23 mixed mode windows-amd64 compressed oops)
Heap:
 PSYoungGen      total 517120K, used 119259K [0x00000000d5580000, 0x00000000fff80000, 0x0000000100000000)
  eden space 334336K, 23% used [0x00000000d5580000,0x00000000da2abb40,0x00000000e9c00000)
  from space 182784K, 22% used [0x00000000f4800000,0x00000000f6f4b1c0,0x00000000ffa80000)
  to   space 176128K, 0% used [0x00000000e9c00000,0x00000000e9c00000,0x00000000f4800000)
 ParOldGen       total 1018368K, used 85539K [0x0000000080000000, 0x00000000be280000, 0x00000000d5580000)
  object space 1018368K, 8% used [0x0000000080000000,0x0000000085388dc8,0x00000000be280000)
 Metaspace       used 86411K, capacity 90926K, committed 91392K, reserved 1128448K
  class space    used 10727K, capacity 11409K, committed 11520K, reserved 1048576K
GC Heap History (10 events):
Event: 11150.883 GC heap before
{Heap before GC invocations=159 (full 20):
 PSYoungGen      total 513024K, used 433451K [0x00000000d5580000, 0x0000000100000000, 0x0000000100000000)
  eden space 329216K, 100% used [0x00000000d5580000,0x00000000e9700000,0x00000000e9700000)
  from space 183808K, 56% used [0x00000000f4b00000,0x00000000fb0cafd0,0x00000000ffe80000)
  to   space 184320K, 0% used [0x00000000e9700000,0x00000000e9700000,0x00000000f4b00000)
 ParOldGen       total 1018368K, used 72151K [0x0000000080000000, 0x00000000be280000, 0x00000000d5580000)
  object space 1018368K, 7% used [0x0000000080000000,0x0000000084675eb8,0x00000000be280000)
 Metaspace       used 84120K, capacity 88352K, committed 89088K, reserved 1126400K
  class space    used 10498K, capacity 11144K, committed 11264K, reserved 1048576K
Event: 11150.978 GC heap after
Heap after GC invocations=159 (full 20):
 PSYoungGen      total 513536K, used 108735K [0x00000000d5580000, 0x0000000100000000, 0x0000000100000000)
  eden space 329216K, 0% used [0x00000000d5580000,0x00000000d5580000,0x00000000e9700000)
  from space 184320K, 58% used [0x00000000e9700000,0x00000000f012fe68,0x00000000f4b00000)
  to   space 185344K, 0% used [0x00000000f4b00000,0x00000000f4b00000,0x0000000100000000)
 ParOldGen       total 1018368K, used 72151K [0x0000000080000000, 0x00000000be280000, 0x00000000d5580000)
  object space 1018368K, 7% used [0x0000000080000000,0x0000000084675eb8,0x00000000be280000)
 Metaspace       used 84120K, capacity 88352K, committed 89088K, reserved 1126400K
  class space    used 10498K, capacity 11144K, committed 11264K, reserved 1048576K
}
Event: 11153.348 GC heap before
{Heap before GC invocations=160 (full 20):
 PSYoungGen      total 513536K, used 240118K [0x00000000d5580000, 0x0000000100000000, 0x0000000100000000)
  eden space 329216K, 39% used [0x00000000d5580000,0x00000000dd5cdd78,0x00000000e9700000)
  from space 184320K, 58% used [0x00000000e9700000,0x00000000f012fe68,0x00000000f4b00000)
  to   space 185344K, 0% used [0x00000000f4b00000,0x00000000f4b00000,0x0000000100000000)
 ParOldGen       total 1018368K, used 72151K [0x0000000080000000, 0x00000000be280000, 0x00000000d5580000)
  object space 1018368K, 7% used [0x0000000080000000,0x0000000084675eb8,0x00000000be280000)
 Metaspace       used 84188K, capacity 88504K, committed 89088K, reserved 1126400K
  class space    used 10509K, capacity 11148K, committed 11264K, reserved 1048576K
Event: 11153.366 GC heap after
Heap after GC invocations=160 (full 20):
 PSYoungGen      total 512512K, used 15075K [0x00000000d5580000, 0x0000000100000000, 0x0000000100000000)
  eden space 327168K, 0% used [0x00000000d5580000,0x00000000d5580000,0x00000000e9500000)
  from space 185344K, 8% used [0x00000000f4b00000,0x00000000f59b8ea8,0x0000000100000000)
  to   space 185856K, 0% used [0x00000000e9500000,0x00000000e9500000,0x00000000f4a80000)
 ParOldGen       total 1018368K, used 72159K [0x0000000080000000, 0x00000000be280000, 0x00000000d5580000)
  object space 1018368K, 7% used [0x0000000080000000,0x0000000084677eb8,0x00000000be280000)
 Metaspace       used 84188K, capacity 88504K, committed 89088K, reserved 1126400K
  class space    used 10509K, capacity 11148K, committed 11264K, reserved 1048576K
}
Event: 11153.366 GC heap before
{Heap before GC invocations=161 (full 21):
 PSYoungGen      total 512512K, used 15075K [0x00000000d5580000, 0x0000000100000000, 0x0000000100000000)
  eden space 327168K, 0% used [0x00000000d5580000,0x00000000d5580000,0x00000000e9500000)
  from space 185344K, 8% used [0x00000000f4b00000,0x00000000f59b8ea8,0x0000000100000000)
  to   space 185856K, 0% used [0x00000000e9500000,0x00000000e9500000,0x00000000f4a80000)
 ParOldGen       total 1018368K, used 72159K [0x0000000080000000, 0x00000000be280000, 0x00000000d5580000)
  object space 1018368K, 7% used [0x0000000080000000,0x0000000084677eb8,0x00000000be280000)
 Metaspace       used 84188K, capacity 88504K, committed 89088K, reserved 1126400K
  class space    used 10509K, capacity 11148K, committed 11264K, reserved 1048576K
Event: 11153.974 GC heap after
Heap after GC invocations=161 (full 21):
 PSYoungGen      total 512512K, used 0K [0x00000000d5580000, 0x0000000100000000, 0x0000000100000000)
  eden space 327168K, 0% used [0x00000000d5580000,0x00000000d5580000,0x00000000e9500000)
  from space 185344K, 0% used [0x00000000f4b00000,0x00000000f4b00000,0x0000000100000000)
  to   space 185856K, 0% used [0x00000000e9500000,0x00000000e9500000,0x00000000f4a80000)
 ParOldGen       total 1018368K, used 85523K [0x0000000080000000, 0x00000000be280000, 0x00000000d5580000)
  object space 1018368K, 8% used [0x0000000080000000,0x0000000085384dc8,0x00000000be280000)
 Metaspace       used 84166K, capacity 88462K, committed 89088K, reserved 1126400K
  class space    used 10505K, capacity 11141K, committed 11264K, reserved 1048576K
}
Event: 11240.572 GC heap before
{Heap before GC invocations=162 (full 21):
 PSYoungGen      total 512512K, used 327168K [0x00000000d5580000, 0x0000000100000000, 0x0000000100000000)
  eden space 327168K, 100% used [0x00000000d5580000,0x00000000e9500000,0x00000000e9500000)
  from space 185344K, 0% used [0x00000000f4b00000,0x00000000f4b00000,0x0000000100000000)
  to   space 185856K, 0% used [0x00000000e9500000,0x00000000e9500000,0x00000000f4a80000)
 ParOldGen       total 1018368K, used 85523K [0x0000000080000000, 0x00000000be280000, 0x00000000d5580000)
  object space 1018368K, 8% used [0x0000000080000000,0x0000000085384dc8,0x00000000be280000)
 Metaspace       used 85054K, capacity 89458K, committed 89984K, reserved 1128448K
  class space    used 10602K, capacity 11273K, committed 11392K, reserved 1048576K
Event: 11240.597 GC heap after
Heap after GC invocations=162 (full 21):
 PSYoungGen      total 353280K, used 25925K [0x00000000d5580000, 0x00000000ffa80000, 0x0000000100000000)
  eden space 327168K, 0% used [0x00000000d5580000,0x00000000d5580000,0x00000000e9500000)
  from space 26112K, 99% used [0x00000000e9500000,0x00000000eae51668,0x00000000eae80000)
  to   space 182784K, 0% used [0x00000000f4800000,0x00000000f4800000,0x00000000ffa80000)
 ParOldGen       total 1018368K, used 85531K [0x0000000080000000, 0x00000000be280000, 0x00000000d5580000)
  object space 1018368K, 8% used [0x0000000080000000,0x0000000085386dc8,0x00000000be280000)
 Metaspace       used 85054K, capacity 89458K, committed 89984K, reserved 1128448K
  class space    used 10602K, capacity 11273K, committed 11392K, reserved 1048576K
}
Event: 11249.828 GC heap before
{Heap before GC invocations=163 (full 21):
 PSYoungGen      total 353280K, used 353093K [0x00000000d5580000, 0x00000000ffa80000, 0x0000000100000000)
  eden space 327168K, 100% used [0x00000000d5580000,0x00000000e9500000,0x00000000e9500000)
  from space 26112K, 99% used [0x00000000e9500000,0x00000000eae51668,0x00000000eae80000)
  to   space 182784K, 0% used [0x00000000f4800000,0x00000000f4800000,0x00000000ffa80000)
 ParOldGen       total 1018368K, used 85531K [0x0000000080000000, 0x00000000be280000, 0x00000000d5580000)
  object space 1018368K, 8% used [0x0000000080000000,0x0000000085386dc8,0x00000000be280000)
 Metaspace       used 86278K, capacity 90762K, committed 91392K, reserved 1128448K
  class space    used 10713K, capacity 11403K, committed 11520K, reserved 1048576K
Event: 11249.870 GC heap after
Heap after GC invocations=163 (full 21):
 PSYoungGen      total 517120K, used 40236K [0x00000000d5580000, 0x00000000fff80000, 0x0000000100000000)
  eden space 334336K, 0% used [0x00000000d5580000,0x00000000d5580000,0x00000000e9c00000)
  from space 182784K, 22% used [0x00000000f4800000,0x00000000f6f4b1c0,0x00000000ffa80000)
  to   space 176128K, 0% used [0x00000000e9c00000,0x00000000e9c00000,0x00000000f4800000)
 ParOldGen       total 1018368K, used 85539K [0x0000000080000000, 0x00000000be280000, 0x00000000d5580000)
  object space 1018368K, 8% used [0x0000000080000000,0x0000000085388dc8,0x00000000be280000)
 Metaspace       used 86278K, capacity 90762K, committed 91392K, reserved 1128448K
  class space    used 10713K, capacity 11403K, committed 11520K, reserved 1048576K
}

