# JRE version: Java(TM) SE Runtime Environment (8.0_60-b27) (build 1.8.0_60-b27)
# Java VM: Java HotSpot(TM) 64-Bit Server VM (25.60-b23 mixed mode windows-amd64 compressed oops)
Heap:
 PSYoungGen      total 181760K, used 157378K [0x00000000d5580000, 0x00000000e3f80000, 0x0000000100000000)
  eden space 133632K, 100% used [0x00000000d5580000,0x00000000dd800000,0x00000000dd800000)
  from space 48128K, 49% used [0x00000000e1080000,0x00000000e27b08b0,0x00000000e3f80000)
  to   space 33280K, 0% used [0x00000000dd800000,0x00000000dd800000,0x00000000df880000)
 ParOldGen       total 126976K, used 126931K [0x0000000080000000, 0x0000000087c00000, 0x00000000d5580000)
  object space 126976K, 99% used [0x0000000080000000,0x0000000087bf4ed0,0x0000000087c00000)
 Metaspace       used 80575K, capacity 82892K, committed 83072K, reserved 1122304K
  class space    used 10047K, capacity 10521K, committed 10624K, reserved 1048576K
GC Heap History (10 events):
Event: 297.272 GC heap before
{Heap before GC invocations=36 (full 7):
 PSYoungGen      total 138752K, used 131865K [0x00000000d5580000, 0x00000000e0b00000, 0x0000000100000000)
  eden space 127488K, 100% used [0x00000000d5580000,0x00000000dd200000,0x00000000dd200000)
  from space 11264K, 38% used [0x00000000e0000000,0x00000000e0446490,0x00000000e0b00000)
  to   space 29184K, 0% used [0x00000000dd200000,0x00000000dd200000,0x00000000dee80000)
 ParOldGen       total 126976K, used 59108K [0x0000000080000000, 0x0000000087c00000, 0x00000000d5580000)
  object space 126976K, 46% used [0x0000000080000000,0x00000000839b93b0,0x0000000087c00000)
 Metaspace       used 65260K, capacity 67360K, committed 67712K, reserved 1107968K
  class space    used 8312K, capacity 8754K, committed 8832K, reserved 1048576K
Event: 297.283 GC heap after
Heap after GC invocations=36 (full 7):
 PSYoungGen      total 156672K, used 13569K [0x00000000d5580000, 0x00000000e1480000, 0x0000000100000000)
  eden space 127488K, 0% used [0x00000000d5580000,0x00000000d5580000,0x00000000dd200000)
  from space 29184K, 46% used [0x00000000dd200000,0x00000000ddf40750,0x00000000dee80000)
  to   space 28672K, 0% used [0x00000000df880000,0x00000000df880000,0x00000000e1480000)
 ParOldGen       total 126976K, used 59116K [0x0000000080000000, 0x0000000087c00000, 0x00000000d5580000)
  object space 126976K, 46% used [0x0000000080000000,0x00000000839bb3b0,0x0000000087c00000)
 Metaspace       used 65260K, capacity 67360K, committed 67712K, reserved 1107968K
  class space    used 8312K, capacity 8754K, committed 8832K, reserved 1048576K
}
Event: 304.484 GC heap before
{Heap before GC invocations=37 (full 7):
 PSYoungGen      total 156672K, used 141057K [0x00000000d5580000, 0x00000000e1480000, 0x0000000100000000)
  eden space 127488K, 100% used [0x00000000d5580000,0x00000000dd200000,0x00000000dd200000)
  from space 29184K, 46% used [0x00000000dd200000,0x00000000ddf40750,0x00000000dee80000)
  to   space 28672K, 0% used [0x00000000df880000,0x00000000df880000,0x00000000e1480000)
 ParOldGen       total 126976K, used 59116K [0x0000000080000000, 0x0000000087c00000, 0x00000000d5580000)
  object space 126976K, 46% used [0x0000000080000000,0x00000000839bb3b0,0x0000000087c00000)
 Metaspace       used 76859K, capacity 79028K, committed 79104K, reserved 1118208K
  class space    used 9750K, capacity 10191K, committed 10240K, reserved 1048576K
Event: 304.512 GC heap after
Heap after GC invocations=37 (full 7):
 PSYoungGen      total 162304K, used 26903K [0x00000000d5580000, 0x00000000e1c00000, 0x0000000100000000)
  eden space 133632K, 0% used [0x00000000d5580000,0x00000000d5580000,0x00000000dd800000)
  from space 28672K, 93% used [0x00000000df880000,0x00000000e12c5d08,0x00000000e1480000)
  to   space 33280K, 0% used [0x00000000dd800000,0x00000000dd800000,0x00000000df880000)
 ParOldGen       total 126976K, used 59124K [0x0000000080000000, 0x0000000087c00000, 0x00000000d5580000)
  object space 126976K, 46% used [0x0000000080000000,0x00000000839bd3b0,0x0000000087c00000)
 Metaspace       used 76859K, capacity 79028K, committed 79104K, reserved 1118208K
  class space    used 9750K, capacity 10191K, committed 10240K, reserved 1048576K
}
Event: 309.210 GC heap before
{Heap before GC invocations=38 (full 7):
 PSYoungGen      total 162304K, used 160535K [0x00000000d5580000, 0x00000000e1c00000, 0x0000000100000000)
  eden space 133632K, 100% used [0x00000000d5580000,0x00000000dd800000,0x00000000dd800000)
  from space 28672K, 93% used [0x00000000df880000,0x00000000e12c5d08,0x00000000e1480000)
  to   space 33280K, 0% used [0x00000000dd800000,0x00000000dd800000,0x00000000df880000)
 ParOldGen       total 126976K, used 59124K [0x0000000080000000, 0x0000000087c00000, 0x00000000d5580000)
  object space 126976K, 46% used [0x0000000080000000,0x00000000839bd3b0,0x0000000087c00000)
 Metaspace       used 78906K, capacity 81170K, committed 81408K, reserved 1120256K
  class space    used 9927K, capacity 10394K, committed 10496K, reserved 1048576K
Event: 309.274 GC heap after
Heap after GC invocations=38 (full 7):
 PSYoungGen      total 166912K, used 33254K [0x00000000d5580000, 0x00000000e3f80000, 0x0000000100000000)
  eden space 133632K, 0% used [0x00000000d5580000,0x00000000d5580000,0x00000000dd800000)
  from space 33280K, 99% used [0x00000000dd800000,0x00000000df879b60,0x00000000df880000)
  to   space 48128K, 0% used [0x00000000e1080000,0x00000000e1080000,0x00000000e3f80000)
 ParOldGen       total 126976K, used 83189K [0x0000000080000000, 0x0000000087c00000, 0x00000000d5580000)
  object space 126976K, 65% used [0x0000000080000000,0x000000008513d4b8,0x0000000087c00000)
 Metaspace       used 78906K, capacity 81170K, committed 81408K, reserved 1120256K
  class space    used 9927K, capacity 10394K, committed 10496K, reserved 1048576K
}
Event: 312.240 GC heap before
{Heap before GC invocations=39 (full 7):
 PSYoungGen      total 166912K, used 166886K [0x00000000d5580000, 0x00000000e3f80000, 0x0000000100000000)
  eden space 133632K, 100% used [0x00000000d5580000,0x00000000dd800000,0x00000000dd800000)
  from space 33280K, 99% used [0x00000000dd800000,0x00000000df879b60,0x00000000df880000)
  to   space 48128K, 0% used [0x00000000e1080000,0x00000000e1080000,0x00000000e3f80000)
 ParOldGen       total 126976K, used 83189K [0x0000000080000000, 0x0000000087c00000, 0x00000000d5580000)
  object space 126976K, 65% used [0x0000000080000000,0x000000008513d4b8,0x0000000087c00000)
 Metaspace       used 79301K, capacity 81522K, committed 81664K, reserved 1120256K
  class space    used 9967K, capacity 10426K, committed 10496K, reserved 1048576K
Event: 312.329 GC heap after
Heap after GC invocations=39 (full 7):
 PSYoungGen      total 181760K, used 48097K [0x00000000d5580000, 0x00000000e3f80000, 0x0000000100000000)
  eden space 133632K, 0% used [0x00000000d5580000,0x00000000d5580000,0x00000000dd800000)
  from space 48128K, 99% used [0x00000000e1080000,0x00000000e3f78630,0x00000000e3f80000)
  to   space 33280K, 0% used [0x00000000dd800000,0x00000000dd800000,0x00000000df880000)
 ParOldGen       total 126976K, used 109515K [0x0000000080000000, 0x0000000087c00000, 0x00000000d5580000)
  object space 126976K, 86% used [0x0000000080000000,0x0000000086af2eb8,0x0000000087c00000)
 Metaspace       used 79301K, capacity 81522K, committed 81664K, reserved 1120256K
  class space    used 9967K, capacity 10426K, committed 10496K, reserved 1048576K
}
Event: 312.329 GC heap before
{Heap before GC invocations=40 (full 8):
 PSYoungGen      total 181760K, used 48097K [0x00000000d5580000, 0x00000000e3f80000, 0x0000000100000000)
  eden space 133632K, 0% used [0x00000000d5580000,0x00000000d5580000,0x00000000dd800000)
  from space 48128K, 99% used [0x00000000e1080000,0x00000000e3f78630,0x00000000e3f80000)
  to   space 33280K, 0% used [0x00000000dd800000,0x00000000dd800000,0x00000000df880000)
 ParOldGen       total 126976K, used 109515K [0x0000000080000000, 0x0000000087c00000, 0x00000000d5580000)
  object space 126976K, 86% used [0x0000000080000000,0x0000000086af2eb8,0x0000000087c00000)
 Metaspace       used 79301K, capacity 81522K, committed 81664K, reserved 1120256K
  class space    used 9967K, capacity 10426K, committed 10496K, reserved 1048576K
Event: 313.228 GC heap after
Heap after GC invocations=40 (full 8):
 PSYoungGen      total 181760K, used 23746K [0x00000000d5580000, 0x00000000e3f80000, 0x0000000100000000)
  eden space 133632K, 0% used [0x00000000d5580000,0x00000000d5580000,0x00000000dd800000)
  from space 48128K, 49% used [0x00000000e1080000,0x00000000e27b08b0,0x00000000e3f80000)
  to   space 33280K, 0% used [0x00000000dd800000,0x00000000dd800000,0x00000000df880000)
 ParOldGen       total 126976K, used 126931K [0x0000000080000000, 0x0000000087c00000, 0x00000000d5580000)
  object space 126976K, 99% used [0x0000000080000000,0x0000000087bf4ed0,0x0000000087c00000)
 Metaspace       used 79299K, capacity 81516K, committed 81664K, reserved 1120256K
  class space    used 9966K, capacity 10425K, committed 10496K, reserved 1048576K
}

