# JRE version: Java(TM) SE Runtime Environment (8.0_60-b27) (build 1.8.0_60-b27)
# Java VM: Java HotSpot(TM) 64-Bit Server VM (25.60-b23 mixed mode windows-amd64 compressed oops)
Heap:
 PSYoungGen      total 532992K, used 327488K [0x00000000d5580000, 0x0000000100000000, 0x0000000100000000)
  eden space 402944K, 50% used [0x00000000d5580000,0x00000000e1c80058,0x00000000edf00000)
  from space 130048K, 95% used [0x00000000f8100000,0x00000000ff9d0178,0x0000000100000000)
  to   space 147968K, 0% used [0x00000000edf00000,0x00000000edf00000,0x00000000f6f80000)
 ParOldGen       total 896512K, used 599123K [0x0000000080000000, 0x00000000b6b80000, 0x00000000d5580000)
  object space 896512K, 66% used [0x0000000080000000,0x00000000a4914f20,0x00000000b6b80000)
 Metaspace       used 70403K, capacity 72448K, committed 72704K, reserved 1112064K
  class space    used 8984K, capacity 9403K, committed 9472K, reserved 1048576K
GC Heap History (10 events):
Event: 98.209 GC heap before
{Heap before GC invocations=43 (full 6):
 PSYoungGen      total 589824K, used 546839K [0x00000000d5580000, 0x0000000100000000, 0x0000000100000000)
  eden space 484864K, 100% used [0x00000000d5580000,0x00000000f2f00000,0x00000000f2f00000)
  from space 104960K, 59% used [0x00000000f9980000,0x00000000fd605d30,0x0000000100000000)
  to   space 107008K, 0% used [0x00000000f2f00000,0x00000000f2f00000,0x00000000f9780000)
 ParOldGen       total 599040K, used 387522K [0x0000000080000000, 0x00000000a4900000, 0x00000000d5580000)
  object space 599040K, 64% used [0x0000000080000000,0x0000000097a708d0,0x00000000a4900000)
 Metaspace       used 70398K, capacity 72448K, committed 72704K, reserved 1112064K
  class space    used 8983K, capacity 9403K, committed 9472K, reserved 1048576K
Event: 98.332 GC heap after
Heap after GC invocations=43 (full 6):
 PSYoungGen      total 591872K, used 106986K [0x00000000d5580000, 0x0000000100000000, 0x0000000100000000)
  eden space 484864K, 0% used [0x00000000d5580000,0x00000000d5580000,0x00000000f2f00000)
  from space 107008K, 99% used [0x00000000f2f00000,0x00000000f977a8b8,0x00000000f9780000)
  to   space 107008K, 0% used [0x00000000f9780000,0x00000000f9780000,0x0000000100000000)
 ParOldGen       total 599040K, used 414761K [0x0000000080000000, 0x00000000a4900000, 0x00000000d5580000)
  object space 599040K, 69% used [0x0000000080000000,0x000000009950a5b0,0x00000000a4900000)
 Metaspace       used 70398K, capacity 72448K, committed 72704K, reserved 1112064K
  class space    used 8983K, capacity 9403K, committed 9472K, reserved 1048576K
}
Event: 99.287 GC heap before
{Heap before GC invocations=44 (full 6):
 PSYoungGen      total 591872K, used 591850K [0x00000000d5580000, 0x0000000100000000, 0x0000000100000000)
  eden space 484864K, 100% used [0x00000000d5580000,0x00000000f2f00000,0x00000000f2f00000)
  from space 107008K, 99% used [0x00000000f2f00000,0x00000000f977a8b8,0x00000000f9780000)
  to   space 107008K, 0% used [0x00000000f9780000,0x00000000f9780000,0x0000000100000000)
 ParOldGen       total 599040K, used 414761K [0x0000000080000000, 0x00000000a4900000, 0x00000000d5580000)
  object space 599040K, 69% used [0x0000000080000000,0x000000009950a5b0,0x00000000a4900000)
 Metaspace       used 70401K, capacity 72448K, committed 72704K, reserved 1112064K
  class space    used 8984K, capacity 9403K, committed 9472K, reserved 1048576K
Event: 99.522 GC heap after
Heap after GC invocations=44 (full 6):
 PSYoungGen      total 531456K, used 81607K [0x00000000d5580000, 0x0000000100000000, 0x0000000100000000)
  eden space 424448K, 0% used [0x00000000d5580000,0x00000000d5580000,0x00000000ef400000)
  from space 107008K, 76% used [0x00000000f9780000,0x00000000fe731d20,0x0000000100000000)
  to   space 137216K, 0% used [0x00000000ef400000,0x00000000ef400000,0x00000000f7a00000)
 ParOldGen       total 599040K, used 522357K [0x0000000080000000, 0x00000000a4900000, 0x00000000d5580000)
  object space 599040K, 87% used [0x0000000080000000,0x000000009fe1d620,0x00000000a4900000)
 Metaspace       used 70401K, capacity 72448K, committed 72704K, reserved 1112064K
  class space    used 8984K, capacity 9403K, committed 9472K, reserved 1048576K
}
Event: 99.522 GC heap before
{Heap before GC invocations=45 (full 7):
 PSYoungGen      total 531456K, used 81607K [0x00000000d5580000, 0x0000000100000000, 0x0000000100000000)
  eden space 424448K, 0% used [0x00000000d5580000,0x00000000d5580000,0x00000000ef400000)
  from space 107008K, 76% used [0x00000000f9780000,0x00000000fe731d20,0x0000000100000000)
  to   space 137216K, 0% used [0x00000000ef400000,0x00000000ef400000,0x00000000f7a00000)
 ParOldGen       total 599040K, used 522357K [0x0000000080000000, 0x00000000a4900000, 0x00000000d5580000)
  object space 599040K, 87% used [0x0000000080000000,0x000000009fe1d620,0x00000000a4900000)
 Metaspace       used 70401K, capacity 72448K, committed 72704K, reserved 1112064K
  class space    used 8984K, capacity 9403K, committed 9472K, reserved 1048576K
Event: 104.490 GC heap after
Heap after GC invocations=45 (full 7):
 PSYoungGen      total 531456K, used 2121K [0x00000000d5580000, 0x0000000100000000, 0x0000000100000000)
  eden space 424448K, 0% used [0x00000000d5580000,0x00000000d5580000,0x00000000ef400000)
  from space 107008K, 1% used [0x00000000f9780000,0x00000000f9992410,0x0000000100000000)
  to   space 137216K, 0% used [0x00000000ef400000,0x00000000ef400000,0x00000000f7a00000)
 ParOldGen       total 896512K, used 598810K [0x0000000080000000, 0x00000000b6b80000, 0x00000000d5580000)
  object space 896512K, 66% used [0x0000000080000000,0x00000000a48c6880,0x00000000b6b80000)
 Metaspace       used 70401K, capacity 72448K, committed 72704K, reserved 1112064K
  class space    used 8984K, capacity 9403K, committed 9472K, reserved 1048576K
}
Event: 105.230 GC heap before
{Heap before GC invocations=46 (full 7):
 PSYoungGen      total 531456K, used 426569K [0x00000000d5580000, 0x0000000100000000, 0x0000000100000000)
  eden space 424448K, 100% used [0x00000000d5580000,0x00000000ef400000,0x00000000ef400000)
  from space 107008K, 1% used [0x00000000f9780000,0x00000000f9992410,0x0000000100000000)
  to   space 137216K, 0% used [0x00000000ef400000,0x00000000ef400000,0x00000000f7a00000)
 ParOldGen       total 896512K, used 598810K [0x0000000080000000, 0x00000000b6b80000, 0x00000000d5580000)
  object space 896512K, 66% used [0x0000000080000000,0x00000000a48c6880,0x00000000b6b80000)
 Metaspace       used 70402K, capacity 72448K, committed 72704K, reserved 1112064K
  class space    used 8984K, capacity 9403K, committed 9472K, reserved 1048576K
Event: 105.450 GC heap after
Heap after GC invocations=46 (full 7):
 PSYoungGen      total 561664K, used 56880K [0x00000000d5580000, 0x0000000100000000, 0x0000000100000000)
  eden space 424448K, 0% used [0x00000000d5580000,0x00000000d5580000,0x00000000ef400000)
  from space 137216K, 41% used [0x00000000ef400000,0x00000000f2b8c060,0x00000000f7a00000)
  to   space 130048K, 0% used [0x00000000f8100000,0x00000000f8100000,0x0000000100000000)
 ParOldGen       total 896512K, used 599123K [0x0000000080000000, 0x00000000b6b80000, 0x00000000d5580000)
  object space 896512K, 66% used [0x0000000080000000,0x00000000a4914f20,0x00000000b6b80000)
 Metaspace       used 70402K, capacity 72448K, committed 72704K, reserved 1112064K
  class space    used 8984K, capacity 9403K, committed 9472K, reserved 1048576K
}
Event: 106.412 GC heap before
{Heap before GC invocations=47 (full 7):
 PSYoungGen      total 561664K, used 481328K [0x00000000d5580000, 0x0000000100000000, 0x0000000100000000)
  eden space 424448K, 100% used [0x00000000d5580000,0x00000000ef400000,0x00000000ef400000)
  from space 137216K, 41% used [0x00000000ef400000,0x00000000f2b8c060,0x00000000f7a00000)
  to   space 130048K, 0% used [0x00000000f8100000,0x00000000f8100000,0x0000000100000000)
 ParOldGen       total 896512K, used 599123K [0x0000000080000000, 0x00000000b6b80000, 0x00000000d5580000)
  object space 896512K, 66% used [0x0000000080000000,0x00000000a4914f20,0x00000000b6b80000)
 Metaspace       used 70403K, capacity 72448K, committed 72704K, reserved 1112064K
  class space    used 8984K, capacity 9403K, committed 9472K, reserved 1048576K
Event: 106.600 GC heap after
Heap after GC invocations=47 (full 7):
 PSYoungGen      total 532992K, used 123712K [0x00000000d5580000, 0x0000000100000000, 0x0000000100000000)
  eden space 402944K, 0% used [0x00000000d5580000,0x00000000d5580000,0x00000000edf00000)
  from space 130048K, 95% used [0x00000000f8100000,0x00000000ff9d0178,0x0000000100000000)
  to   space 147968K, 0% used [0x00000000edf00000,0x00000000edf00000,0x00000000f6f80000)
 ParOldGen       total 896512K, used 599123K [0x0000000080000000, 0x00000000b6b80000, 0x00000000d5580000)
  object space 896512K, 66% used [0x0000000080000000,0x00000000a4914f20,0x00000000b6b80000)
 Metaspace       used 70403K, capacity 72448K, committed 72704K, reserved 1112064K
  class space    used 8984K, capacity 9403K, committed 9472K, reserved 1048576K
}

